<?xml version="1.0" encoding="UTF-8"?>
<testsuite xmlns:xsi="http://www.w3.org/2001/XMLSchema-instance" xsi:noNamespaceSchemaLocation="https://maven.apache.org/surefire/maven-surefire-plugin/xsd/surefire-test-report.xsd" name="logTest" time="0.804" tests="3" errors="0" skipped="0" failures="0">
  <properties>
    <property name="java.specification.version" value="13"/>
    <property name="sun.cpu.isalist" value="amd64"/>
    <property name="sun.jnu.encoding" value="Cp1252"/>
    <property name="java.class.path" value="C:\Users\wenjy\Desktop\CSAI\CSAIY2\Software_Maintance\final_final\Chai_WenJye_Eclipse_13.zip_expanded\Chai_WenJye_Eclipse_13\target\test-classes;C:\Users\wenjy\Desktop\CSAI\CSAIY2\Software_Maintance\final_final\Chai_WenJye_Eclipse_13.zip_expanded\Chai_WenJye_Eclipse_13\target\classes;C:\Users\wenjy\.m2\repository\org\openjfx\javafx-controls\13\javafx-controls-13.jar;C:\Users\wenjy\.m2\repository\org\openjfx\javafx-controls\13\javafx-controls-13-win.jar;C:\Users\wenjy\.m2\repository\org\openjfx\javafx-graphics\13\javafx-graphics-13.jar;C:\Users\wenjy\.m2\repository\org\openjfx\javafx-graphics\13\javafx-graphics-13-win.jar;C:\Users\wenjy\.m2\repository\org\openjfx\javafx-base\13\javafx-base-13.jar;C:\Users\wenjy\.m2\repository\org\openjfx\javafx-base\13\javafx-base-13-win.jar;C:\Users\wenjy\.m2\repository\org\openjfx\javafx-media\13\javafx-media-13.jar;C:\Users\wenjy\.m2\repository\org\openjfx\javafx-media\13\javafx-media-13-win.jar;C:\Users\wenjy\.m2\repository\junit\junit\4.11\junit-4.11.jar;C:\Users\wenjy\.m2\repository\org\hamcrest\hamcrest-core\1.3\hamcrest-core-1.3.jar;C:\Users\wenjy\.m2\repository\org\openjfx\javafx-fxml\13\javafx-fxml-13.jar;C:\Users\wenjy\.m2\repository\org\openjfx\javafx-fxml\13\javafx-fxml-13-win.jar;C:\Users\wenjy\.m2\repository\org\testfx\testfx-junit\4.0.15-alpha\testfx-junit-4.0.15-alpha.jar;C:\Users\wenjy\.m2\repository\org\testfx\testfx-core\4.0.15-alpha\testfx-core-4.0.15-alpha.jar;C:\Users\wenjy\.m2\repository\org\assertj\assertj-core\3.11.1\assertj-core-3.11.1.jar;C:\Users\wenjy\.m2\repository\org\junit\jupiter\junit-jupiter-api\5.5.0\junit-jupiter-api-5.5.0.jar;C:\Users\wenjy\.m2\repository\org\apiguardian\apiguardian-api\1.1.0\apiguardian-api-1.1.0.jar;C:\Users\wenjy\.m2\repository\org\opentest4j\opentest4j\1.2.0\opentest4j-1.2.0.jar;C:\Users\wenjy\.m2\repository\org\junit\platform\junit-platform-commons\1.5.0\junit-platform-commons-1.5.0.jar;"/>
    <property name="java.vm.vendor" value="Oracle Corporation"/>
    <property name="sun.arch.data.model" value="64"/>
    <property name="user.variant" value=""/>
    <property name="java.vendor.url" value="https://java.oracle.com/"/>
    <property name="user.timezone" value="Asia/Kuala_Lumpur"/>
    <property name="os.name" value="Windows 10"/>
    <property name="java.vm.specification.version" value="13"/>
    <property name="sun.java.launcher" value="SUN_STANDARD"/>
    <property name="user.country" value="MY"/>
    <property name="sun.boot.library.path" value="C:\Program Files\Java\jdk-13.0.2\bin"/>
    <property name="sun.java.command" value="C:\Users\wenjy\AppData\Local\Temp\surefire10952578403952346210\surefirebooter9104976876807614675.jar C:\Users\wenjy\AppData\Local\Temp\surefire10952578403952346210 2020-12-19T20-16-16_577-jvmRun1 surefire1091012530026115500tmp surefire_016125614166526210357tmp"/>
    <property name="jdk.debug" value="release"/>
    <property name="surefire.test.class.path" value="C:\Users\wenjy\Desktop\CSAI\CSAIY2\Software_Maintance\final_final\Chai_WenJye_Eclipse_13.zip_expanded\Chai_WenJye_Eclipse_13\target\test-classes;C:\Users\wenjy\Desktop\CSAI\CSAIY2\Software_Maintance\final_final\Chai_WenJye_Eclipse_13.zip_expanded\Chai_WenJye_Eclipse_13\target\classes;C:\Users\wenjy\.m2\repository\org\openjfx\javafx-controls\13\javafx-controls-13.jar;C:\Users\wenjy\.m2\repository\org\openjfx\javafx-controls\13\javafx-controls-13-win.jar;C:\Users\wenjy\.m2\repository\org\openjfx\javafx-graphics\13\javafx-graphics-13.jar;C:\Users\wenjy\.m2\repository\org\openjfx\javafx-graphics\13\javafx-graphics-13-win.jar;C:\Users\wenjy\.m2\repository\org\openjfx\javafx-base\13\javafx-base-13.jar;C:\Users\wenjy\.m2\repository\org\openjfx\javafx-base\13\javafx-base-13-win.jar;C:\Users\wenjy\.m2\repository\org\openjfx\javafx-media\13\javafx-media-13.jar;C:\Users\wenjy\.m2\repository\org\openjfx\javafx-media\13\javafx-media-13-win.jar;C:\Users\wenjy\.m2\repository\junit\junit\4.11\junit-4.11.jar;C:\Users\wenjy\.m2\repository\org\hamcrest\hamcrest-core\1.3\hamcrest-core-1.3.jar;C:\Users\wenjy\.m2\repository\org\openjfx\javafx-fxml\13\javafx-fxml-13.jar;C:\Users\wenjy\.m2\repository\org\openjfx\javafx-fxml\13\javafx-fxml-13-win.jar;C:\Users\wenjy\.m2\repository\org\testfx\testfx-junit\4.0.15-alpha\testfx-junit-4.0.15-alpha.jar;C:\Users\wenjy\.m2\repository\org\testfx\testfx-core\4.0.15-alpha\testfx-core-4.0.15-alpha.jar;C:\Users\wenjy\.m2\repository\org\assertj\assertj-core\3.11.1\assertj-core-3.11.1.jar;C:\Users\wenjy\.m2\repository\org\junit\jupiter\junit-jupiter-api\5.5.0\junit-jupiter-api-5.5.0.jar;C:\Users\wenjy\.m2\repository\org\apiguardian\apiguardian-api\1.1.0\apiguardian-api-1.1.0.jar;C:\Users\wenjy\.m2\repository\org\opentest4j\opentest4j\1.2.0\opentest4j-1.2.0.jar;C:\Users\wenjy\.m2\repository\org\junit\platform\junit-platform-commons\1.5.0\junit-platform-commons-1.5.0.jar;"/>
    <property name="sun.cpu.endian" value="little"/>
    <property name="user.home" value="C:\Users\wenjy"/>
    <property name="user.language" value="en"/>
    <property name="java.specification.vendor" value="Oracle Corporation"/>
    <property name="java.version.date" value="2020-01-14"/>
    <property name="java.home" value="C:\Program Files\Java\jdk-13.0.2"/>
    <property name="file.separator" value="\"/>
    <property name="basedir" value="C:\Users\wenjy\Desktop\CSAI\CSAIY2\Software_Maintance\final_final\Chai_WenJye_Eclipse_13.zip_expanded\Chai_WenJye_Eclipse_13"/>
    <property name="java.vm.compressedOopsMode" value="32-bit"/>
    <property name="line.separator" value="&#10;"/>
    <property name="java.vm.specification.vendor" value="Oracle Corporation"/>
    <property name="java.specification.name" value="Java Platform API Specification"/>
    <property name="surefire.real.class.path" value="C:\Users\wenjy\AppData\Local\Temp\surefire10952578403952346210\surefirebooter9104976876807614675.jar"/>
    <property name="user.script" value=""/>
    <property name="sun.management.compiler" value="HotSpot 64-Bit Tiered Compilers"/>
    <property name="java.runtime.version" value="13.0.2+8"/>
    <property name="user.name" value="wenjy"/>
    <property name="path.separator" value=";"/>
    <property name="os.version" value="10.0"/>
    <property name="java.runtime.name" value="Java(TM) SE Runtime Environment"/>
    <property name="file.encoding" value="Cp1252"/>
    <property name="java.vm.name" value="Java HotSpot(TM) 64-Bit Server VM"/>
    <property name="localRepository" value="C:\Users\wenjy\.m2\repository"/>
    <property name="java.vendor.url.bug" value="https://bugreport.java.com/bugreport/"/>
    <property name="java.io.tmpdir" value="C:\Users\wenjy\AppData\Local\Temp\"/>
    <property name="java.version" value="13.0.2"/>
    <property name="user.dir" value="C:\Users\wenjy\Desktop\CSAI\CSAIY2\Software_Maintance\final_final\Chai_WenJye_Eclipse_13.zip_expanded\Chai_WenJye_Eclipse_13"/>
    <property name="os.arch" value="amd64"/>
    <property name="java.vm.specification.name" value="Java Virtual Machine Specification"/>
    <property name="sun.os.patch.level" value=""/>
    <property name="java.library.path" value="C:\Program Files\Java\jdk-13.0.2\bin;C:\WINDOWS\Sun\Java\bin;C:\WINDOWS\system32;C:\WINDOWS;C:/Program Files/Java/jdk-13.0.2/bin/server;C:/Program Files/Java/jdk-13.0.2/bin;C:\Program Files\Java\jdk-13.0.2\bin;C:\Program Files\Common Files\Oracle\Java\javapath;C:\Program Files (x86)\Common Files\Intel\Shared Libraries\redist\intel64\compiler;C:\Program Files\Haskell\bin;C:\Program Files\Haskell Platform\8.6.5\lib\extralibs\bin;C:\Program Files\Haskell Platform\8.6.5\bin;C:\Program Files (x86)\Common Files\Oracle\Java\javapath;C:\Program Files (x86)\Intel\Intel(R) Management Engine Components\iCLS\;C:\Program Files\Intel\Intel(R) Management Engine Components\iCLS\;C:\Windows\system32;C:\Windows;C:\Windows\System32\Wbem;C:\Windows\System32\WindowsPowerShell\v1.0\;C:\Windows\System32\OpenSSH\;C:\Program Files (x86)\Intel\Intel(R) Management Engine Components\DAL;C:\Program Files\Intel\Intel(R) Management Engine Components\DAL;C:\Program Files (x86)\Intel\Intel(R) Management Engine Components\IPT;C:\Program Files\Intel\Intel(R) Management Engine Components\IPT;C:\Program Files (x86)\NVIDIA Corporation\PhysX\Common;C:\Program Files\Intel\WiFi\bin\;C:\Program Files\Common Files\Intel\WirelessCommon\;C:\Program Files\MATLAB\R2018b\bin;C:\Program Files\Git\cmd;C:\WINDOWS\system32;C:\WINDOWS;C:\WINDOWS\System32\Wbem;C:\WINDOWS\System32\WindowsPowerShell\v1.0\;C:\WINDOWS\System32\OpenSSH\;C:\MinGW\bin;C:\Program Files\PuTTY\;C:\Program Files\Haskell Platform\8.6.5\mingw\bin;C:\Windows\py;C:\Users\wenjy\AppData\Local\Programs\Python\Python37-32\Scripts;C:\Users\wenjy\AppData\Local\Programs\Python\Python37-32;C:\Ruby27-x64\bin;C:\Users\wenjy\AppData\Roaming\cabal\bin;C:\Users\wenjy\AppData\Roaming\local\bin;C:\Users\wenjy\AppData\Local\Microsoft\WindowsApps;C:\Users\wenjy\AppData\Local\Programs\Microsoft VS Code\bin;C:\WINDOWS\system32;;."/>
    <property name="java.vm.info" value="mixed mode, sharing"/>
    <property name="java.vendor" value="Oracle Corporation"/>
    <property name="java.vm.version" value="13.0.2+8"/>
    <property name="sun.io.unicode.encoding" value="UnicodeLittle"/>
    <property name="java.class.version" value="57.0"/>
  </properties>
  <testcase name="get_speed_test" classname="logTest" time="0.273"/>
  <testcase name="get_position_test" classname="logTest" time="0.26"/>
  <testcase name="get_size_test" classname="logTest" time="0.268"/>
</testsuite>